<?xml version="1.0" encoding="UTF-8" ?>
<testsuite tests="12" failures="0" name="model.db.DbTest" time="0.603" errors="0" skipped="0">
  <properties>
[...]
</properties>
  <testcase classname="model.db.DbTest" name="insertAndPullSingle4x4Solve" time="0.467"/>
  <testcase classname="model.db.DbTest" name="insertAndPullSingle2x2Solve" time="0.03"/>
  <testcase classname="model.db.DbTest" name="deleteTwoByTwoTest" time="0.013"/>
  <testcase classname="model.db.DbTest" name="clearsTable" time="0.011"/>
  <testcase classname="model.db.DbTest" name="updateLast" time="0.022"/>
  <testcase classname="model.db.DbTest" name="increasesId" time="0.013"/>
  <testcase classname="model.db.DbTest" name="deleteFromEmpty" time="0.006"/>
  <testcase classname="model.db.DbTest" name="initiateDb" time="0.002"/>
  <testcase classname="model.db.DbTest" name="insertAndPullSingle3x3Solve" time="0.01"/>
  <testcase classname="model.db.DbTest" name="deleteFourByFourTest" time="0.01"/>
  <testcase classname="model.db.DbTest" name="dealsWithEmptyComment" time="0.009"/>
  <testcase classname="model.db.DbTest" name="deleteThreeByThreeTest" time="0.01"/>
</testsuite>